2024-06-28T15:32:42.672   0.00000  TFI <        ><                ><                >
2024-06-28T15:32:42.680   8.07220  SEN <LTL 0><ALB 0><OTL 0><MLB 0><PSN 0><PSG 0><FSW 0><ODR 0><RMP 0><ASB 0><VCD 0>
2024-06-28T15:32:42.726  45.15410  VDC Bounded
2024-06-28T15:33:03.763  21.03695s APR Enlist [PUTRAJAYA5555     ][470M669NWA7R1X32  ] 0 -> 1
2024-06-28T15:33:03.763   0.07810  REC <QID 3B9ACA01><PSN F><PSG _><TRX S=SE V=INI E=00><TRM M66><PLZ O=470 D=470 F=470><CLS O=1 D=1 F=1 A=0><TFR F=0 G=0 V=0.00><CID 0000000000><AID 000000000000000000>
2024-06-28T15:33:03.763   0.18260  VDC Select [1:1,0][470M669NWA7R1X32  ] 0 -> 0
2024-06-28T15:33:03.763   0.00000  TFI <1       ><                ><                >
2024-06-28T15:33:03.767   3.73560  SEN <LTL 0><ALB 0><OTL 0><MLB 0><PSN 0><PSG 0><FSW 0><ODR 0><RMP 0><ASB 0><VCD 1>
2024-06-28T15:33:08.767   5.00071s SEN <LTL 0><ALB 0><OTL 0><MLB 0><PSN 0><PSG 0><FSW 0><ODR 0><RMP 0><ASB 0><VCD 0>
2024-06-28T15:33:26.251  17.48340s RES <QID 3B9ACA01><PSN F><PSG _><TRX S=OK V=EXM E=00><TRM M66><PLZ O=470 D=470 F=470><CLS O=1 D=1 F=1 A=0><TFR F=0 G=0 V=0.00><CID 0000000000><AID 000000000000000000>
2024-06-28T15:33:26.254   3.18260  APR Select [PUTRAJAYA5555     ][470M669NWA7R1X32  ] 1 -> 0
2024-06-28T15:33:26.254   0.12820  TFI <1       ><SELAMAT         ><JALAN           >
2024-06-28T15:33:26.259   5.48120  SEN <LTL 1><ALB 0><OTL 0><MLB 0><PSN 0><PSG 0><FSW 0><ODR 0><RMP 0><ASB 0><VCD 1>
2024-06-28T15:33:27.717   1.45763s REM <QID 3B9ACA01><PSN F><PSG _><TRX S=OK V=EXM E=00><TRM M66><PLZ O=470 D=470 F=470><CLS O=1 D=1 F=1 A=0><TFR F=0 G=0 V=0.00><CID 0000000000><AID 000000000000000000>
2024-06-28T15:33:27.717   0.00000  TFI <        ><                ><                >
2024-06-28T15:33:27.719   1.65430  SEN <LTL 0><ALB 0><OTL 0><MLB 0><PSN 0><PSG 0><FSW 0><ODR 0><RMP 0><ASB 0><VCD 0>
2024-06-28T15:33:37.401   9.68267s REC <QID 3B9ACA02><PSN F><PSG _><TRX S=SE V=INI E=00><TRM M66><PLZ O=470 D=470 F=470><CLS O=2 D=2 F=2 A=0><TFR F=0 G=0 V=0.00><CID 0000000000><AID 000000000000000000>
2024-06-28T15:33:37.401   0.00000  TFI <2       ><                ><                >
2024-06-28T15:33:37.410   8.39830  SEN <LTL 0><ALB 0><OTL 0><MLB 0><PSN 0><PSG 0><FSW 0><ODR 0><RMP 0><ASB 0><VCD 2>
2024-06-28T15:33:38.642   1.23219s RES <QID 3B9ACA02><PSN F><PSG _><TRX S=OK V=EXM E=00><TRM M66><PLZ O=470 D=470 F=470><CLS O=2 D=2 F=2 A=0><TFR F=0 G=0 V=0.00><CID 0000000000><AID 000000000000000000>
2024-06-28T15:33:38.642   0.00000  TFI <2       ><SELAMAT         ><JALAN           >
2024-06-28T15:33:38.646   3.72120  SEN <LTL 1><ALB 0><OTL 0><MLB 0><PSN 0><PSG 0><FSW 0><ODR 0><RMP 0><ASB 0><VCD 2>
2024-06-28T15:33:40.247   1.60108s REM <QID 3B9ACA02><PSN F><PSG _><TRX S=OK V=EXM E=00><TRM M66><PLZ O=470 D=470 F=470><CLS O=2 D=2 F=2 A=0><TFR F=0 G=0 V=0.00><CID 0000000000><AID 000000000000000000>
2024-06-28T15:33:40.247   0.00000  TFI <        ><                ><                >
2024-06-28T15:33:40.252   5.35940  SEN <LTL 0><ALB 0><OTL 0><MLB 0><PSN 0><PSG 0><FSW 0><ODR 0><RMP 0><ASB 0><VCD 0>
2024-06-28T15:34:06.143  25.89064s REC <QID 3B9ACA03><PSN F><PSG _><TRX S=SE V=INI E=00><TRM M66><PLZ O=470 D=470 F=470><CLS O=3 D=3 F=3 A=0><TFR F=0 G=0 V=0.00><CID 0000000000><AID 000000000000000000>
2024-06-28T15:34:06.143   0.00000  TFI <3       ><                ><                >
2024-06-28T15:34:06.156  13.51320  SEN <LTL 0><ALB 0><OTL 0><MLB 0><PSN 0><PSG 0><FSW 0><ODR 0><RMP 0><ASB 0><VCD 3>
2024-06-28T15:34:07.056 899.39230  APR Enlist [PUTRAJAYA5555     ][470M669NWA7R1X33  ] 0 -> 1
2024-06-28T15:34:07.056   0.05300  VDC Select [2:2,0][470M669NWA7R1X33  ] 0 -> 0
2024-06-28T15:34:11.158   4.10230s SEN <LTL 0><ALB 0><OTL 0><MLB 0><PSN 0><PSG 0><FSW 0><ODR 0><RMP 0><ASB 0><VCD 0>
2024-06-28T15:34:12.292   1.13422s RES <QID 3B9ACA03><PSN F><PSG _><TRX S=OK V=EXM E=00><TRM M66><PLZ O=470 D=470 F=470><CLS O=3 D=3 F=3 A=0><TFR F=0 G=0 V=0.00><CID 0000000000><AID 000000000000000000>
2024-06-28T15:34:12.293   0.88390  APR Select [PUTRAJAYA5555     ][470M669NWA7R1X33  ] 1 -> 0
2024-06-28T15:34:12.293   0.04050  TFI <3       ><SELAMAT         ><JALAN           >
2024-06-28T15:34:12.296   2.67140  SEN <LTL 1><ALB 0><OTL 0><MLB 0><PSN 0><PSG 0><FSW 0><ODR 0><RMP 0><ASB 0><VCD 3>
2024-06-28T15:34:13.407   1.11115s REM <QID 3B9ACA03><PSN F><PSG _><TRX S=OK V=EXM E=00><TRM M66><PLZ O=470 D=470 F=470><CLS O=3 D=3 F=3 A=0><TFR F=0 G=0 V=0.00><CID 0000000000><AID 000000000000000000>
2024-06-28T15:34:13.407   0.00000  TFI <        ><                ><                >
2024-06-28T15:34:13.409   1.66430  SEN <LTL 0><ALB 0><OTL 0><MLB 0><PSN 0><PSG 0><FSW 0><ODR 0><RMP 0><ASB 0><VCD 0>
